<?xml version="1.0" encoding="UTF-8"?>
<testng-results ignored="0" total="3" passed="3" failed="0" skipped="0">
  <reporter-output>
  </reporter-output>
  <suite started-at="2026-06-13T11:25:10 IST" name="Default suite" finished-at="2026-06-13T11:25:52 IST" duration-ms="41637">
    <groups>
    </groups>
    <test started-at="2026-06-13T11:25:10 IST" name="Default test" finished-at="2026-06-13T11:25:52 IST" duration-ms="41637">
      <class name="com.ecommerce.tests.ProductListingTest">
        <test-method is-config="true" signature="setUp()[pri:0, instance:com.ecommerce.tests.ProductListingTest@747ddf94]" started-at="2026-06-13T11:25:10 IST" name="setUp" finished-at="2026-06-13T11:25:13 IST" duration-ms="2707" status="PASS">
          <reporter-output>
          </reporter-output>
        </test-method> <!-- setUp -->
        <test-method signature="testProductListingPage()[pri:1, instance:com.ecommerce.tests.ProductListingTest@747ddf94]" started-at="2026-06-13T11:25:13 IST" name="testProductListingPage" description="Verify product listing page" finished-at="2026-06-13T11:25:18 IST" duration-ms="5791" status="PASS">
          <reporter-output>
          </reporter-output>
        </test-method> <!-- testProductListingPage -->
        <test-method is-config="true" signature="tearDown()[pri:0, instance:com.ecommerce.tests.ProductListingTest@747ddf94]" started-at="2026-06-13T11:25:18 IST" name="tearDown" finished-at="2026-06-13T11:25:24 IST" duration-ms="5265" status="PASS">
          <reporter-output>
          </reporter-output>
        </test-method> <!-- tearDown -->
        <test-method is-config="true" signature="setUp()[pri:0, instance:com.ecommerce.tests.ProductListingTest@747ddf94]" started-at="2026-06-13T11:25:24 IST" name="setUp" finished-at="2026-06-13T11:25:25 IST" duration-ms="1662" status="PASS">
          <reporter-output>
          </reporter-output>
        </test-method> <!-- setUp -->
        <test-method signature="testProductDetailsVisible()[pri:2, instance:com.ecommerce.tests.ProductListingTest@747ddf94]" started-at="2026-06-13T11:25:25 IST" name="testProductDetailsVisible" description="Verify product details visible" finished-at="2026-06-13T11:25:32 IST" duration-ms="6182" status="PASS">
          <reporter-output>
          </reporter-output>
        </test-method> <!-- testProductDetailsVisible -->
        <test-method is-config="true" signature="tearDown()[pri:0, instance:com.ecommerce.tests.ProductListingTest@747ddf94]" started-at="2026-06-13T11:25:32 IST" name="tearDown" finished-at="2026-06-13T11:25:37 IST" duration-ms="5250" status="PASS">
          <reporter-output>
          </reporter-output>
        </test-method> <!-- tearDown -->
        <test-method is-config="true" signature="setUp()[pri:0, instance:com.ecommerce.tests.ProductListingTest@747ddf94]" started-at="2026-06-13T11:25:37 IST" name="setUp" finished-at="2026-06-13T11:25:38 IST" duration-ms="1609" status="PASS">
          <reporter-output>
          </reporter-output>
        </test-method> <!-- setUp -->
        <test-method signature="testProductClickNavigation()[pri:3, instance:com.ecommerce.tests.ProductListingTest@747ddf94]" started-at="2026-06-13T11:25:38 IST" name="testProductClickNavigation" description="Verify product click navigation" finished-at="2026-06-13T11:25:46 IST" duration-ms="7847" status="PASS">
          <reporter-output>
          </reporter-output>
        </test-method> <!-- testProductClickNavigation -->
        <test-method is-config="true" signature="tearDown()[pri:0, instance:com.ecommerce.tests.ProductListingTest@747ddf94]" started-at="2026-06-13T11:25:46 IST" name="tearDown" finished-at="2026-06-13T11:25:52 IST" duration-ms="5262" status="PASS">
          <reporter-output>
          </reporter-output>
        </test-method> <!-- tearDown -->
      </class> <!-- com.ecommerce.tests.ProductListingTest -->
    </test> <!-- Default test -->
  </suite> <!-- Default suite -->
</testng-results>
