<?xml version="1.0" encoding="UTF-8"?>
<testng-results ignored="0" total="3" passed="3" failed="0" skipped="0">
  <reporter-output>
  </reporter-output>
  <suite started-at="2026-06-19T08:43:38 IST" name="Add to Cart Test Suite" finished-at="2026-06-19T08:44:45 IST" duration-ms="67271">
    <groups>
    </groups>
    <test started-at="2026-06-19T08:43:38 IST" name="Cart Tests" finished-at="2026-06-19T08:44:45 IST" duration-ms="67271">
      <class name="com.ecommerce.tests.AddToCartTest">
        <test-method is-config="true" signature="setUp()[pri:0, instance:com.ecommerce.tests.AddToCartTest@35e2d654]" started-at="2026-06-19T08:43:38 IST" name="setUp" finished-at="2026-06-19T08:43:41 IST" duration-ms="3352" status="PASS">
          <reporter-output>
          </reporter-output>
        </test-method> <!-- setUp -->
        <test-method signature="testAddMultipleProducts()[pri:2, instance:com.ecommerce.tests.AddToCartTest@35e2d654]" started-at="2026-06-19T08:43:42 IST" name="testAddMultipleProducts" description="Add multiple products to cart" finished-at="2026-06-19T08:44:08 IST" duration-ms="26323" status="PASS">
          <reporter-output>
          </reporter-output>
        </test-method> <!-- testAddMultipleProducts -->
        <test-method is-config="true" signature="tearDown()[pri:0, instance:com.ecommerce.tests.AddToCartTest@35e2d654]" started-at="2026-06-19T08:44:08 IST" name="tearDown" finished-at="2026-06-19T08:44:08 IST" duration-ms="490" status="PASS">
          <reporter-output>
          </reporter-output>
        </test-method> <!-- tearDown -->
      </class> <!-- com.ecommerce.tests.AddToCartTest -->
      <class name="com.ecommerce.tests.CartValidationTest">
        <test-method is-config="true" signature="setUp()[pri:0, instance:com.ecommerce.tests.CartValidationTest@3e694b3f]" started-at="2026-06-19T08:44:08 IST" name="setUp" finished-at="2026-06-19T08:44:10 IST" duration-ms="1859" status="PASS">
          <reporter-output>
          </reporter-output>
        </test-method> <!-- setUp -->
        <test-method signature="testCartItems()[pri:1, instance:com.ecommerce.tests.CartValidationTest@3e694b3f]" started-at="2026-06-19T08:44:10 IST" name="testCartItems" description="Verify cart items after adding" finished-at="2026-06-19T08:44:26 IST" duration-ms="16218" status="PASS">
          <reporter-output>
          </reporter-output>
        </test-method> <!-- testCartItems -->
        <test-method is-config="true" signature="tearDown()[pri:0, instance:com.ecommerce.tests.CartValidationTest@3e694b3f]" started-at="2026-06-19T08:44:26 IST" name="tearDown" finished-at="2026-06-19T08:44:27 IST" duration-ms="325" status="PASS">
          <reporter-output>
          </reporter-output>
        </test-method> <!-- tearDown -->
        <test-method is-config="true" signature="setUp()[pri:0, instance:com.ecommerce.tests.CartValidationTest@3e694b3f]" started-at="2026-06-19T08:44:27 IST" name="setUp" finished-at="2026-06-19T08:44:29 IST" duration-ms="1826" status="PASS">
          <reporter-output>
          </reporter-output>
        </test-method> <!-- setUp -->
        <test-method signature="testPriceCalculation()[pri:2, instance:com.ecommerce.tests.CartValidationTest@3e694b3f]" started-at="2026-06-19T08:44:29 IST" name="testPriceCalculation" description="Verify price calculation in cart" finished-at="2026-06-19T08:44:45 IST" duration-ms="16263" status="PASS">
          <reporter-output>
          </reporter-output>
        </test-method> <!-- testPriceCalculation -->
        <test-method is-config="true" signature="tearDown()[pri:0, instance:com.ecommerce.tests.CartValidationTest@3e694b3f]" started-at="2026-06-19T08:44:45 IST" name="tearDown" finished-at="2026-06-19T08:44:45 IST" duration-ms="529" status="PASS">
          <reporter-output>
          </reporter-output>
        </test-method> <!-- tearDown -->
      </class> <!-- com.ecommerce.tests.CartValidationTest -->
    </test> <!-- Cart Tests -->
  </suite> <!-- Add to Cart Test Suite -->
</testng-results>
