<?xml version="1.0" encoding="UTF-8"?>
<!-- Generated by org.testng.reporters.JUnitReportReporter -->
<testsuite hostname="LAPTOP-GT9Q68BE" failures="0" tests="3" name="com.ecommerce.tests.ProductListingTest" time="41.575" errors="0" timestamp="2026-06-13T11:25:52 IST" skipped="0">
  <testcase classname="com.ecommerce.tests.ProductListingTest" name="testProductListingPage" time="12.715"/>
  <testcase classname="com.ecommerce.tests.ProductListingTest" name="testProductDetailsVisible" time="14.154"/>
  <testcase classname="com.ecommerce.tests.ProductListingTest" name="testProductClickNavigation" time="14.706"/>
</testsuite> <!-- com.ecommerce.tests.ProductListingTest -->
