<?xml version="1.0" encoding="UTF-8"?>
<!-- Generated by org.testng.reporters.JUnitReportReporter -->
<testsuite hostname="LAPTOP-GT9Q68BE" failures="0" tests="2" name="com.ecommerce.tests.RegisterTest" time="58.309" errors="0" timestamp="2026-06-14T22:11:29 IST" skipped="0">
  <testcase classname="com.ecommerce.tests.RegisterTest" name="testValidRegistration" time="27.083"/>
  <testcase classname="com.ecommerce.tests.RegisterTest" name="testDuplicateUsername" time="31.226"/>
</testsuite> <!-- com.ecommerce.tests.RegisterTest -->
