<?xml version="1.0" encoding="UTF-8"?>
<!-- Generated by org.testng.reporters.JUnitReportReporter -->
<testsuite hostname="LAPTOP-GT9Q68BE" failures="0" tests="5" name="com.ecommerce.tests.NavigationTest" time="69.508" errors="0" timestamp="2026-06-14T22:11:29 IST" skipped="0">
  <testcase classname="com.ecommerce.tests.NavigationTest" name="testProductListing" time="13.121"/>
  <testcase classname="com.ecommerce.tests.NavigationTest" name="testProductDetail" time="14.999"/>
  <testcase classname="com.ecommerce.tests.NavigationTest" name="testSearch" time="14.940"/>
  <testcase classname="com.ecommerce.tests.NavigationTest" name="testCartNavigation" time="12.587"/>
  <testcase classname="com.ecommerce.tests.NavigationTest" name="testOrdersNavigation" time="13.861"/>
</testsuite> <!-- com.ecommerce.tests.NavigationTest -->
