<?xml version="1.0" encoding="UTF-8"?>
<!-- Generated by org.testng.reporters.JUnitReportReporter -->
<testsuite hostname="LAPTOP-GT9Q68BE" failures="0" tests="2" name="com.ecommerce.tests.LoginTest" time="15.695" errors="0" timestamp="2026-06-19T08:37:05 IST" skipped="0">
  <testcase classname="com.ecommerce.tests.LoginTest" name="testValidLogin" time="6.293"/>
  <testcase classname="com.ecommerce.tests.LoginTest" name="testInvalidLogin" time="9.402"/>
</testsuite> <!-- com.ecommerce.tests.LoginTest -->
