<?xml version="1.0" encoding="UTF-8"?>
<!-- Generated by org.testng.reporters.JUnitReportReporter -->
<testsuite hostname="LAPTOP-GT9Q68BE" failures="0" tests="2" name="com.ecommerce.tests.LoginTest" time="24.660" errors="0" timestamp="2026-06-11T05:49:34 IST" skipped="0">
  <testcase classname="com.ecommerce.tests.LoginTest" name="testValidLogin" time="10.844"/>
  <testcase classname="com.ecommerce.tests.LoginTest" name="testInvalidLogin" time="13.816"/>
</testsuite> <!-- com.ecommerce.tests.LoginTest -->
