<?xml version="1.0" encoding="UTF-8"?>
<!-- Generated by org.testng.reporters.JUnitReportReporter -->
<testsuite hostname="LAPTOP-GT9Q68BE" failures="0" tests="2" name="com.ecommerce.tests.CartTest" time="47.262" errors="0" timestamp="2026-06-14T22:11:29 IST" skipped="0">
  <testcase classname="com.ecommerce.tests.CartTest" name="testCartPageLoads" time="13.251"/>
  <testcase classname="com.ecommerce.tests.CartTest" name="testAddToCartAndCheckout" time="34.011"/>
</testsuite> <!-- com.ecommerce.tests.CartTest -->
