<?xml version="1.0" encoding="UTF-8"?>
<!-- Generated by org.testng.reporters.JUnitReportReporter -->
<testsuite hostname="LAPTOP-GT9Q68BE" failures="0" tests="5" name="com.ecommerce.tests.NavigationTest" time="62.503" errors="0" timestamp="2026-06-11T05:49:34 IST" skipped="0">
  <testcase classname="com.ecommerce.tests.NavigationTest" name="testProductListing" time="10.782"/>
  <testcase classname="com.ecommerce.tests.NavigationTest" name="testProductDetail" time="13.547"/>
  <testcase classname="com.ecommerce.tests.NavigationTest" name="testSearch" time="13.738"/>
  <testcase classname="com.ecommerce.tests.NavigationTest" name="testCartNavigation" time="12.048"/>
  <testcase classname="com.ecommerce.tests.NavigationTest" name="testOrdersNavigation" time="12.388"/>
</testsuite> <!-- com.ecommerce.tests.NavigationTest -->
