<?xml version="1.0" encoding="UTF-8"?>
<!-- Generated by org.testng.reporters.JUnitReportReporter -->
<testsuite hostname="LAPTOP-GT9Q68BE" failures="0" tests="2" name="com.ecommerce.tests.AddToCartTest" time="30.165" errors="0" timestamp="2026-06-19T08:44:46 IST" skipped="1">
  <testcase classname="com.ecommerce.tests.AddToCartTest" name="testAddMultipleProducts" time="30.165"/>
  <testcase classname="com.ecommerce.tests.AddToCartTest" name="testAddToCart">
    <skipped/>
  </testcase> <!-- testAddToCart -->
</testsuite> <!-- com.ecommerce.tests.AddToCartTest -->
