<?xml version="1.0" encoding="UTF-8"?>
<!-- Generated by org.testng.reporters.JUnitReportReporter -->
<testsuite hostname="LAPTOP-GT9Q68BE" failures="0" tests="2" name="com.ecommerce.tests.LogoutSessionTest" time="35.949" errors="0" timestamp="2026-06-14T22:11:29 IST" skipped="0">
  <testcase classname="com.ecommerce.tests.LogoutSessionTest" name="testLogout" time="16.419"/>
  <testcase classname="com.ecommerce.tests.LogoutSessionTest" name="testSessionHandling" time="19.530"/>
</testsuite> <!-- com.ecommerce.tests.LogoutSessionTest -->
