<?xml version="1.0" encoding="UTF-8"?>
<!-- Generated by org.testng.reporters.JUnitReportReporter -->
<testsuite hostname="LAPTOP-GT9Q68BE" failures="0" tests="3" name="com.ecommerce.tests.ProductListingTest" time="49.200" errors="0" timestamp="2026-06-14T22:11:29 IST" skipped="0">
  <testcase classname="com.ecommerce.tests.ProductListingTest" name="testProductListingPage" time="14.706"/>
  <testcase classname="com.ecommerce.tests.ProductListingTest" name="testProductDetailsVisible" time="16.786"/>
  <testcase classname="com.ecommerce.tests.ProductListingTest" name="testProductClickNavigation" time="17.708"/>
</testsuite> <!-- com.ecommerce.tests.ProductListingTest -->
