<?xml version="1.0" encoding="UTF-8"?>
<!-- Generated by org.testng.reporters.JUnitReportReporter -->
<testsuite hostname="LAPTOP-GT9Q68BE" failures="0" tests="2" name="com.ecommerce.tests.LogoutSessionTest" time="31.915" errors="0" timestamp="2026-06-13T10:41:09 IST" skipped="0">
  <testcase classname="com.ecommerce.tests.LogoutSessionTest" name="testLogout" time="15.061"/>
  <testcase classname="com.ecommerce.tests.LogoutSessionTest" name="testSessionHandling" time="16.854"/>
</testsuite> <!-- com.ecommerce.tests.LogoutSessionTest -->
