<?xml version="1.0" encoding="UTF-8"?>
<!-- Generated by org.testng.reporters.JUnitReportReporter -->
<testsuite hostname="LAPTOP-GT9Q68BE" failures="0" tests="3" name="com.ecommerce.tests.ProductDetailTest" time="49.240" errors="0" timestamp="2026-06-14T22:11:29 IST" skipped="0">
  <testcase classname="com.ecommerce.tests.ProductDetailTest" name="testProductNameAndPrice" time="16.420"/>
  <testcase classname="com.ecommerce.tests.ProductDetailTest" name="testProductNavigation" time="17.293"/>
  <testcase classname="com.ecommerce.tests.ProductDetailTest" name="testAddToCartVisible" time="15.527"/>
</testsuite> <!-- com.ecommerce.tests.ProductDetailTest -->
