<?xml version="1.0" encoding="UTF-8"?>
<!-- Generated by org.testng.reporters.JUnitReportReporter -->
<testsuite hostname="LAPTOP-GT9Q68BE" failures="0" tests="3" name="com.ecommerce.tests.ProductDetailTest" time="44.817" errors="0" timestamp="2026-06-13T11:18:34 IST" skipped="0">
  <testcase classname="com.ecommerce.tests.ProductDetailTest" name="testProductNameAndPrice" time="13.677"/>
  <testcase classname="com.ecommerce.tests.ProductDetailTest" name="testProductNavigation" time="17.852"/>
  <testcase classname="com.ecommerce.tests.ProductDetailTest" name="testAddToCartVisible" time="13.288"/>
</testsuite> <!-- com.ecommerce.tests.ProductDetailTest -->
