<?xml version="1.0" encoding="UTF-8"?>
<!-- Generated by org.testng.reporters.JUnitReportReporter -->
<testsuite hostname="LAPTOP-GT9Q68BE" failures="0" tests="2" name="com.ecommerce.tests.CartValidationTest" time="37.020" errors="0" timestamp="2026-06-19T08:44:46 IST" skipped="0">
  <testcase classname="com.ecommerce.tests.CartValidationTest" name="testCartItems" time="18.606"/>
  <testcase classname="com.ecommerce.tests.CartValidationTest" name="testPriceCalculation" time="18.414"/>
</testsuite> <!-- com.ecommerce.tests.CartValidationTest -->
