<?xml version="1.0" encoding="UTF-8"?>
<!-- Generated by org.testng.reporters.JUnitReportReporter -->
<testsuite hostname="LAPTOP-GT9Q68BE" failures="0" tests="3" name="com.ecommerce.tests.SearchFilterTest" time="44.622" errors="0" timestamp="2026-06-19T08:37:05 IST" skipped="0">
  <testcase classname="com.ecommerce.tests.SearchFilterTest" name="testSearchValidKeyword" time="12.404"/>
  <testcase classname="com.ecommerce.tests.SearchFilterTest" name="testSearchInvalidKeyword" time="20.983"/>
  <testcase classname="com.ecommerce.tests.SearchFilterTest" name="testFilterByCategory" time="11.235"/>
</testsuite> <!-- com.ecommerce.tests.SearchFilterTest -->
