<?xml version="1.0" encoding="UTF-8"?>
<!-- Generated by org.testng.reporters.JUnitReportReporter -->
<testsuite hostname="LAPTOP-GT9Q68BE" failures="0" tests="3" name="com.ecommerce.tests.SearchFilterTest" time="45.723" errors="0" timestamp="2026-06-13T11:24:38 IST" skipped="0">
  <testcase classname="com.ecommerce.tests.SearchFilterTest" name="testSearchValidKeyword" time="16.312"/>
  <testcase classname="com.ecommerce.tests.SearchFilterTest" name="testSearchInvalidKeyword" time="13.635"/>
  <testcase classname="com.ecommerce.tests.SearchFilterTest" name="testSearchResultsMatch" time="15.776"/>
</testsuite> <!-- com.ecommerce.tests.SearchFilterTest -->
