<?xml version="1.0" encoding="UTF-8"?>
<!-- Generated by org.testng.reporters.JUnitXMLReporter -->
<testsuite ignored="1" hostname="LAPTOP-GT9Q68BE" failures="0" tests="1" name="Add to Cart Tests" time="28.42" errors="0" timestamp="2026-06-19T08:40:38 IST">
  <testcase classname="com.ecommerce.tests.AddToCartTest" name="testAddMultipleProducts" time="25.194"/>
  <testcase classname="com.ecommerce.tests.AddToCartTest" name="testAddToCart" time="0.0">
    <ignored/>
  </testcase> <!-- testAddToCart -->
</testsuite> <!-- Add to Cart Tests -->
