<?xml version="1.0" encoding="UTF-8"?>
<!-- Generated by org.testng.reporters.JUnitXMLReporter -->
<testsuite ignored="0" hostname="LAPTOP-GT9Q68BE" failures="0" tests="2" name="Cart Validation Tests" time="37.465" errors="0" timestamp="2026-06-19T08:37:05 IST">
  <testcase classname="com.ecommerce.tests.CartValidationTest" name="testCartItems" time="16.267"/>
  <testcase classname="com.ecommerce.tests.CartValidationTest" name="testPriceCalculation" time="16.183"/>
</testsuite> <!-- Cart Validation Tests -->
