<?xml version="1.0" encoding="UTF-8"?>
<!-- Generated by org.testng.reporters.JUnitXMLReporter -->
<testsuite ignored="0" hostname="LAPTOP-GT9Q68BE" failures="0" tests="3" name="Search and Filter Tests" time="44.643" errors="0" timestamp="2026-06-19T08:35:37 IST">
  <testcase classname="com.ecommerce.tests.SearchFilterTest" name="testSearchValidKeyword" time="9.8"/>
  <testcase classname="com.ecommerce.tests.SearchFilterTest" name="testSearchInvalidKeyword" time="18.509"/>
  <testcase classname="com.ecommerce.tests.SearchFilterTest" name="testFilterByCategory" time="8.953"/>
</testsuite> <!-- Search and Filter Tests -->
