<?xml version="1.0" encoding="UTF-8"?>
<!-- Generated by org.testng.reporters.JUnitXMLReporter -->
<testsuite ignored="0" hostname="LAPTOP-GT9Q68BE" failures="0" tests="2" name="Logout and Session Tests" time="35.96" errors="0" timestamp="2026-06-14T22:09:50 IST">
  <testcase classname="com.ecommerce.tests.LogoutSessionTest" name="testLogout" time="8.243"/>
  <testcase classname="com.ecommerce.tests.LogoutSessionTest" name="testSessionHandling" time="10.977"/>
</testsuite> <!-- Logout and Session Tests -->
