<?xml version="1.0" encoding="UTF-8"?>
<!-- Generated by org.testng.reporters.JUnitXMLReporter -->
<testsuite ignored="0" hostname="LAPTOP-GT9Q68BE" failures="0" tests="5" name="Navigation Tests" time="69.533" errors="0" timestamp="2026-06-14T22:07:35 IST">
  <testcase classname="com.ecommerce.tests.NavigationTest" name="testProductListing" time="4.016"/>
  <testcase classname="com.ecommerce.tests.NavigationTest" name="testProductDetail" time="7.309"/>
  <testcase classname="com.ecommerce.tests.NavigationTest" name="testSearch" time="7.086"/>
  <testcase classname="com.ecommerce.tests.NavigationTest" name="testCartNavigation" time="5.04"/>
  <testcase classname="com.ecommerce.tests.NavigationTest" name="testOrdersNavigation" time="5.774"/>
</testsuite> <!-- Navigation Tests -->
