<?xml version="1.0" encoding="UTF-8"?>
<!-- Generated by org.testng.reporters.JUnitXMLReporter -->
<testsuite ignored="0" hostname="LAPTOP-GT9Q68BE" failures="0" tests="6" name="Product Tests" time="98.479" errors="0" timestamp="2026-06-14T22:11:29 IST">
  <testcase classname="com.ecommerce.tests.ProductListingTest" name="testProductListingPage" time="6.864"/>
  <testcase classname="com.ecommerce.tests.ProductListingTest" name="testProductDetailsVisible" time="8.511"/>
  <testcase classname="com.ecommerce.tests.ProductListingTest" name="testProductClickNavigation" time="10.202"/>
  <testcase classname="com.ecommerce.tests.ProductDetailTest" name="testProductNameAndPrice" time="9.112"/>
  <testcase classname="com.ecommerce.tests.ProductDetailTest" name="testProductNavigation" time="9.541"/>
  <testcase classname="com.ecommerce.tests.ProductDetailTest" name="testAddToCartVisible" time="8.644"/>
</testsuite> <!-- Product Tests -->
