<?xml version="1.0" encoding="UTF-8"?>
<!-- Generated by org.testng.reporters.JUnitXMLReporter -->
<testsuite ignored="0" hostname="LAPTOP-GT9Q68BE" failures="0" tests="3" name="Search Tests" time="51.855" errors="0" timestamp="2026-06-14T22:09:14 IST">
  <testcase classname="com.ecommerce.tests.SearchFilterTest" name="testSearchValidKeyword" time="10.373"/>
  <testcase classname="com.ecommerce.tests.SearchFilterTest" name="testSearchInvalidKeyword" time="7.526"/>
  <testcase classname="com.ecommerce.tests.SearchFilterTest" name="testSearchResultsMatch" time="8.65"/>
</testsuite> <!-- Search Tests -->
