<?xml version="1.0" encoding="UTF-8"?>
<!-- Generated by org.testng.reporters.JUnitXMLReporter -->
<testsuite ignored="1" hostname="LAPTOP-GT9Q68BE" failures="0" tests="3" name="Cart Tests" time="67.271" errors="0" timestamp="2026-06-19T08:44:45 IST">
  <testcase classname="com.ecommerce.tests.AddToCartTest" name="testAddMultipleProducts" time="26.323"/>
  <testcase classname="com.ecommerce.tests.CartValidationTest" name="testCartItems" time="16.218"/>
  <testcase classname="com.ecommerce.tests.CartValidationTest" name="testPriceCalculation" time="16.263"/>
  <testcase classname="com.ecommerce.tests.AddToCartTest" name="testAddToCart" time="0.0">
    <ignored/>
  </testcase> <!-- testAddToCart -->
</testsuite> <!-- Cart Tests -->
