<?xml version="1.0" encoding="UTF-8"?>
<!-- Generated by org.testng.reporters.JUnitXMLReporter -->
<testsuite ignored="0" hostname="LAPTOP-GT9Q68BE" failures="0" tests="3" name="Default test" time="41.637" errors="0" timestamp="2026-06-13T11:25:52 IST">
  <testcase classname="com.ecommerce.tests.ProductListingTest" name="testProductListingPage" time="5.791"/>
  <testcase classname="com.ecommerce.tests.ProductListingTest" name="testProductDetailsVisible" time="6.182"/>
  <testcase classname="com.ecommerce.tests.ProductListingTest" name="testProductClickNavigation" time="7.847"/>
</testsuite> <!-- Default test -->
