<?xml version="1.0" encoding="UTF-8"?>
<!-- Generated by org.testng.reporters.JUnitXMLReporter -->
<testsuite ignored="0" hostname="LAPTOP-GT9Q68BE" failures="0" tests="2" name="Cart Tests" time="4.825" errors="0" timestamp="2026-06-14T21:22:41 IST">
  <testcase classname="com.ecommerce.tests.CartTest" name="testCartPageLoads" time="0.0">
    <skipped/>
  </testcase> <!-- testCartPageLoads -->
  <testcase classname="com.ecommerce.tests.CartTest" name="testAddToCartAndCheckout" time="0.0">
    <skipped/>
  </testcase> <!-- testAddToCartAndCheckout -->
</testsuite> <!-- Cart Tests -->
