<?xml version="1.0" encoding="UTF-8"?>
<!-- Generated by org.testng.reporters.JUnitXMLReporter -->
<testsuite ignored="0" hostname="LAPTOP-GT9Q68BE" failures="1" tests="2" name="Login Tests" time="33.239" errors="0" timestamp="2026-06-14T21:27:25 IST">
  <testcase classname="com.ecommerce.tests.LoginTest" name="testValidLogin" time="4.705">
    <failure type="java.lang.AssertionError" message="Login failed - not redirected to home expected [true] but found [false]">
      <![CDATA[java.lang.AssertionError: Login failed - not redirected to home expected [true] but found [false]
at com.ecommerce.tests.LoginTest.testValidLogin(LoginTest.java:18)
at java.base/java.util.ArrayList.forEach(ArrayList.java:1511)
... Removed 30 stack frames]]>
    </failure>
  </testcase> <!-- testValidLogin -->
  <testcase classname="com.ecommerce.tests.LoginTest" name="testInvalidLogin" time="8.277"/>
</testsuite> <!-- Login Tests -->
