<?xml version="1.0" encoding="UTF-8"?>
<!-- Generated by org.testng.reporters.JUnitXMLReporter -->
<testsuite ignored="0" hostname="LAPTOP-GT9Q68BE" failures="0" tests="5" name="Navigation Tests" time="62.537" errors="0" timestamp="2026-06-11T05:48:53 IST">
  <testcase classname="com.ecommerce.tests.NavigationTest" name="testProductListing" time="3.713"/>
  <testcase classname="com.ecommerce.tests.NavigationTest" name="testProductDetail" time="6.279"/>
  <testcase classname="com.ecommerce.tests.NavigationTest" name="testSearch" time="6.499"/>
  <testcase classname="com.ecommerce.tests.NavigationTest" name="testCartNavigation" time="4.827"/>
  <testcase classname="com.ecommerce.tests.NavigationTest" name="testOrdersNavigation" time="5.156"/>
</testsuite> <!-- Navigation Tests -->
