<?xml version="1.0" encoding="UTF-8"?>
<!-- Generated by org.testng.reporters.JUnitXMLReporter -->
<testsuite ignored="0" hostname="LAPTOP-GT9Q68BE" failures="0" tests="5" name="Navigation Tests" time="4.554" errors="0" timestamp="2026-06-14T21:22:36 IST">
  <testcase classname="com.ecommerce.tests.NavigationTest" name="testProductListing" time="0.0">
    <skipped/>
  </testcase> <!-- testProductListing -->
  <testcase classname="com.ecommerce.tests.NavigationTest" name="testProductDetail" time="0.0">
    <skipped/>
  </testcase> <!-- testProductDetail -->
  <testcase classname="com.ecommerce.tests.NavigationTest" name="testSearch" time="0.0">
    <skipped/>
  </testcase> <!-- testSearch -->
  <testcase classname="com.ecommerce.tests.NavigationTest" name="testCartNavigation" time="0.026">
    <skipped/>
  </testcase> <!-- testCartNavigation -->
  <testcase classname="com.ecommerce.tests.NavigationTest" name="testOrdersNavigation" time="0.001">
    <skipped/>
  </testcase> <!-- testOrdersNavigation -->
</testsuite> <!-- Navigation Tests -->
