<?xml version="1.0" encoding="UTF-8"?>
<!-- Generated by org.testng.reporters.JUnitXMLReporter -->
<testsuite ignored="0" hostname="LAPTOP-GT9Q68BE" failures="0" tests="5" name="Surefire test" time="4.011" errors="0" timestamp="2026-06-04T08:17:55 IST">
  <testcase classname="com.ecommerce.base.BaseTest" name="@BeforeMethod setUp" time="3.928">
    <failure type="java.lang.NullPointerException" message="Cannot invoke &amp;quot;String.equals(Object)&amp;quot; because the return value of &amp;quot;java.util.Properties.getProperty(String)&amp;quot; is null">
      <![CDATA[java.lang.NullPointerException: Cannot invoke "String.equals(Object)" because the return value of "java.util.Properties.getProperty(String)" is null
at com.ecommerce.base.BaseTest.setUp(BaseTest.java:39)
at java.base/java.util.ArrayList.forEach(ArrayList.java:1511)
... Removed 36 stack frames]]>
    </failure>
  </testcase> <!-- @BeforeMethod setUp -->
  <testcase classname="com.ecommerce.base.BaseTest" name="@AfterMethod tearDown" time="0.0">
    <skipped/>
  </testcase> <!-- @AfterMethod tearDown -->
  <testcase classname="com.ecommerce.base.BaseTest" name="@BeforeMethod setUp" time="0.0">
    <skipped/>
  </testcase> <!-- @BeforeMethod setUp -->
  <testcase classname="com.ecommerce.base.BaseTest" name="@AfterMethod tearDown" time="0.0">
    <skipped/>
  </testcase> <!-- @AfterMethod tearDown -->
  <testcase classname="com.ecommerce.base.BaseTest" name="@BeforeMethod setUp" time="0.0">
    <skipped/>
  </testcase> <!-- @BeforeMethod setUp -->
  <testcase classname="com.ecommerce.base.BaseTest" name="@AfterMethod tearDown" time="0.0">
    <skipped/>
  </testcase> <!-- @AfterMethod tearDown -->
  <testcase classname="com.ecommerce.base.BaseTest" name="@BeforeMethod setUp" time="0.0">
    <skipped/>
  </testcase> <!-- @BeforeMethod setUp -->
  <testcase classname="com.ecommerce.base.BaseTest" name="@AfterMethod tearDown" time="0.0">
    <skipped/>
  </testcase> <!-- @AfterMethod tearDown -->
  <testcase classname="com.ecommerce.base.BaseTest" name="@BeforeMethod setUp" time="0.0">
    <skipped/>
  </testcase> <!-- @BeforeMethod setUp -->
  <testcase classname="com.ecommerce.base.BaseTest" name="@AfterMethod tearDown" time="0.0">
    <skipped/>
  </testcase> <!-- @AfterMethod tearDown -->
  <testcase classname="com.ecommerce.tests.LoginTest" name="testValidLogin" time="0.0">
    <skipped/>
  </testcase> <!-- testValidLogin -->
  <testcase classname="com.ecommerce.tests.LoginTest" name="testInvalidLogin" time="0.0">
    <skipped/>
  </testcase> <!-- testInvalidLogin -->
  <testcase classname="com.ecommerce.tests.LoginTest" name="testLogout" time="0.0">
    <skipped/>
  </testcase> <!-- testLogout -->
  <testcase classname="com.ecommerce.tests.LoginTest" name="testSearchProduct" time="0.0">
    <skipped/>
  </testcase> <!-- testSearchProduct -->
  <testcase classname="com.ecommerce.tests.LoginTest" name="testNavigateToProductDetail" time="0.0">
    <skipped/>
  </testcase> <!-- testNavigateToProductDetail -->
</testsuite> <!-- Surefire test -->
